C51 COMPILER V9.60.7.0   HC138                                                             03/10/2026 20:31:57 PAGE 1   


C51 COMPILER V9.60.7.0, COMPILATION OF MODULE HC138
OBJECT MODULE PLACED IN .\Objects\hc138.obj
COMPILER INVOKED BY: C:\Keil_v5\C51\BIN\C51.EXE hardware\hc138.c OPTIMIZE(8,SPEED) BROWSE INCDIR(.\hardware) DEBUG OBJEC
                    -TEXTEND PRINT(.\Listings\hc138.lst) TABS(2) OBJECT(.\Objects\hc138.obj)

line level    source

   1          #include "hc138.h"
   2          
   3          void hc138_select(uint8_t n)
   4          {
   5   1       switch(n)
   6   1       {
   7   2         case 4:
   8   2           P2 = (P2 & 0x1f) | 0x80;
   9   2           break;
  10   2         case 5:
  11   2           P2 = (P2 & 0x1f) | 0xa0;
  12   2           break;
  13   2         case 6:
  14   2           P2 = (P2 & 0x1f) | 0xc0;
  15   2           break;
  16   2         case 7:
  17   2           P2 = (P2 & 0x1f) | 0xe0;
  18   2           break;
  19   2         default:
  20   2           P2 = (P2 & 0x1f);
  21   2           break;
  22   2       }
  23   1      
  24   1      }


MODULE INFORMATION:   STATIC OVERLAYABLE
   CODE SIZE        =     55    ----
   CONSTANT SIZE    =   ----    ----
   XDATA SIZE       =   ----    ----
   PDATA SIZE       =   ----    ----
   DATA SIZE        =   ----    ----
   IDATA SIZE       =   ----    ----
   BIT SIZE         =   ----    ----
END OF MODULE INFORMATION.


C51 COMPILATION COMPLETE.  0 WARNING(S),  0 ERROR(S)
