C51 COMPILER V9.60.7.0   IIC                                                               03/10/2026 20:09:23 PAGE 1   


C51 COMPILER V9.60.7.0, COMPILATION OF MODULE IIC
OBJECT MODULE PLACED IN .\Objects\iic.obj
COMPILER INVOKED BY: C:\Keil_v5\C51\BIN\C51.EXE hardware\iic.c OPTIMIZE(8,SPEED) BROWSE INCDIR(.\hardware) DEBUG OBJECTE
                    -XTEND PRINT(.\Listings\iic.lst) TABS(2) OBJECT(.\Objects\iic.obj)

line level    source

   1          /*  #   I2Cõ╗ŻńĀüńēćµ«ĄĶ»┤µśÄ
   2            1.  µ£¼µ¢ćõ╗ČÕż╣õĖŁµÅÉõŠøńÜäķ®▒ÕŖ©õ╗ŻńĀüõŠøÕÅéĶĄøķĆēµēŗÕ«īµłÉń©ŗÕ║ÅĶ«ŠĶ«ĪÕÅéĶĆāŃĆé
   3            2.  ÕÅéĶĄøķĆēµēŗÕÅ»õ╗źĶć¬ĶĪīń╝¢ÕåÖńøĖÕģ│õ╗ŻńĀüµł¢õ╗źĶ»źõ╗ŻńĀüõĖ║Õ¤║ńĪĆ’╝īµĀ╣µŹ«µēĆķĆēÕŹĢńēćµ£║ń▒╗Õ×ŗŃĆüĶ┐
             -ÉĶĪīķĆ¤Õ║”ÕÆīĶ»Ģķóś
   4              õĖŁÕ»╣ÕŹĢńēćµ£║µŚČķÆ¤ķóæńÄćńÜäĶ”üµ▒é’╝īĶ┐øĶĪīõ╗ŻńĀüĶ░āĶ»ĢÕÆīõ┐«µö╣ŃĆé
   5          */
   6          #include "iic.h"
   7          #define DELAY_TIME  5
   8          sbit scl = P2^0;
   9          sbit sda = P2^1;
  10          //
  11          static void I2C_Delay(unsigned char n)
  12          {
  13   1          do
  14   1          {
  15   2              _nop_();_nop_();_nop_();_nop_();_nop_();
  16   2              _nop_();_nop_();_nop_();_nop_();_nop_();
  17   2              _nop_();_nop_();_nop_();_nop_();_nop_();    
  18   2          }
  19   1          while(n--);       
  20   1      }
  21          
  22          //
  23          void I2CStart(void)
  24          {
  25   1          sda = 1;
  26   1          scl = 1;
  27   1        I2C_Delay(DELAY_TIME);
  28   1          sda = 0;
  29   1        I2C_Delay(DELAY_TIME);
  30   1          scl = 0;    
  31   1      }
  32          
  33          //
  34          void I2CStop(void)
  35          {
  36   1          sda = 0;
  37   1          scl = 1;
  38   1        I2C_Delay(DELAY_TIME);
  39   1          sda = 1;
  40   1        I2C_Delay(DELAY_TIME);
  41   1      }
  42          
  43          //
  44          void I2CSendByte(unsigned char byt)
  45          {
  46   1          unsigned char i;
  47   1        
  48   1          for(i=0; i<8; i++){
  49   2              scl = 0;
  50   2          I2C_Delay(DELAY_TIME);
  51   2              if(byt & 0x80){
  52   3                  sda = 1;
  53   3              }
C51 COMPILER V9.60.7.0   IIC                                                               03/10/2026 20:09:23 PAGE 2   

  54   2              else{
  55   3                  sda = 0;
  56   3              }
  57   2          I2C_Delay(DELAY_TIME);
  58   2              scl = 1;
  59   2              byt <<= 1;
  60   2          I2C_Delay(DELAY_TIME);
  61   2          }
  62   1        
  63   1          scl = 0;  
  64   1      }
  65          
  66          //
  67          unsigned char I2CReceiveByte(void)
  68          {
  69   1        unsigned char da;
  70   1        unsigned char i;
  71   1        for(i=0;i<8;i++){   
  72   2          scl = 1;
  73   2          I2C_Delay(DELAY_TIME);
  74   2          da <<= 1;
  75   2          if(sda) 
  76   2            da |= 0x01;
  77   2          scl = 0;
  78   2          I2C_Delay(DELAY_TIME);
  79   2        }
  80   1        return da;    
  81   1      }
  82          
  83          //
  84          unsigned char I2CWaitAck(void)
  85          {
  86   1        unsigned char ackbit;
  87   1        
  88   1          scl = 1;
  89   1        I2C_Delay(DELAY_TIME);
  90   1          ackbit = sda; 
  91   1          scl = 0;
  92   1        I2C_Delay(DELAY_TIME);
  93   1        
  94   1        return ackbit;
  95   1      }
  96          
  97          //
  98          void I2CSendAck(unsigned char ackbit)
  99          {
 100   1          scl = 0;
 101   1          sda = ackbit; 
 102   1        I2C_Delay(DELAY_TIME);
 103   1          scl = 1;
 104   1        I2C_Delay(DELAY_TIME);
 105   1          scl = 0; 
 106   1        sda = 1;
 107   1        I2C_Delay(DELAY_TIME);
 108   1      }
 109          
 110          uint8_t readvlot(void)
 111          {
 112   1       uint8_t temp = 0;  
 113   1       I2CStart();
 114   1       I2CSendByte(0x90);
 115   1       I2CWaitAck();
C51 COMPILER V9.60.7.0   IIC                                                               03/10/2026 20:09:23 PAGE 3   

 116   1       I2CSendByte(0x03);
 117   1       I2CWaitAck();
 118   1        
 119   1       I2CStart();
 120   1       I2CSendByte(0x91);
 121   1       I2CWaitAck();
 122   1       I2CReceiveByte();  
 123   1       I2CSendAck(0);
 124   1       temp = I2CReceiveByte();
 125   1       I2CSendAck(1);
 126   1       I2CStop();
 127   1       return temp; 
 128   1      }
 129          
 130          void dacout(uint8_t num)
 131          {
 132   1       I2CStart();
 133   1       I2CSendByte(0x90);
 134   1       I2CWaitAck();
 135   1       I2CSendByte(0x80);
 136   1       I2CWaitAck();
 137   1       
 138   1       I2CSendByte(num);
 139   1       I2CWaitAck();
 140   1       I2CStop(); 
 141   1      }
 142          
 143          void writebyte(uint8_t byte,uint8_t addr)
 144          {
 145   1       I2CStart();
 146   1       I2CSendByte(0xA0);
 147   1       I2CWaitAck();
 148   1       I2CSendByte(addr);
 149   1       I2CWaitAck();
 150   1       I2CSendByte(byte);
 151   1       I2CWaitAck();  
 152   1       I2CStop();
 153   1      }
 154          
 155          uint8_t readbyte(uint8_t addr)
 156          {
 157   1       uint8_t temp = 0;  
 158   1       I2CStart();
 159   1       I2CSendByte(0xA1);
 160   1       I2CWaitAck();
 161   1       I2CSendByte(addr);
 162   1       I2CWaitAck();
 163   1       temp = I2CReceiveByte();
 164   1       I2CSendAck(1);
 165   1       I2CStop(); 
 166   1       return temp; 
 167   1      }


MODULE INFORMATION:   STATIC OVERLAYABLE
   CODE SIZE        =    297    ----
   CONSTANT SIZE    =   ----    ----
   XDATA SIZE       =   ----    ----
   PDATA SIZE       =   ----    ----
   DATA SIZE        =   ----    ----
   IDATA SIZE       =   ----    ----
   BIT SIZE         =   ----    ----
C51 COMPILER V9.60.7.0   IIC                                                               03/10/2026 20:09:23 PAGE 4   

END OF MODULE INFORMATION.


C51 COMPILATION COMPLETE.  0 WARNING(S),  0 ERROR(S)
