C51 COMPILER V9.60.7.0   KEY                                                               03/11/2026 11:01:51 PAGE 1   


C51 COMPILER V9.60.7.0, COMPILATION OF MODULE KEY
OBJECT MODULE PLACED IN .\Objects\key.obj
COMPILER INVOKED BY: C:\Keil_v5\C51\BIN\C51.EXE hardware\key.c OPTIMIZE(8,SPEED) BROWSE INCDIR(.\hardware) DEBUG OBJECTE
                    -XTEND PRINT(.\Listings\key.lst) TABS(2) OBJECT(.\Objects\key.obj)

line level    source

   1          #include "key.h"
   2          
   3          uint8_t key_getstate(void)
   4          {
   5   1       uint8_t state = 0;
   6   1        
   7   1       if(P33 == 0)state |= 0x01;
   8   1       if(P32 == 0)state |= 0x02;
   9   1       if(P31 == 0)state |= 0x04;
  10   1       if(P30 == 0)state |= 0x08;
  11   1        
  12   1       return state;  
  13   1      }


MODULE INFORMATION:   STATIC OVERLAYABLE
   CODE SIZE        =     25    ----
   CONSTANT SIZE    =   ----    ----
   XDATA SIZE       =   ----    ----
   PDATA SIZE       =   ----    ----
   DATA SIZE        =   ----    ----
   IDATA SIZE       =   ----    ----
   BIT SIZE         =   ----    ----
END OF MODULE INFORMATION.


C51 COMPILATION COMPLETE.  0 WARNING(S),  0 ERROR(S)
