C51 COMPILER V9.60.7.0   LED                                                               03/10/2026 20:27:53 PAGE 1   


C51 COMPILER V9.60.7.0, COMPILATION OF MODULE LED
OBJECT MODULE PLACED IN .\Objects\led.obj
COMPILER INVOKED BY: C:\Keil_v5\C51\BIN\C51.EXE hardware\led.c OPTIMIZE(8,SPEED) BROWSE INCDIR(.\hardware) DEBUG OBJECTE
                    -XTEND PRINT(.\Listings\led.lst) TABS(2) OBJECT(.\Objects\led.obj)

line level    source

   1          #include "led.h"
   2          #include "hc138.h"
   3          
   4          void led_proc(uint8_t state[])
   5          {
   6   1        static uint8_t old = 0;
   7   1        uint8_t temp = 0;
   8   1        uint8_t i = 0;
   9   1        for(i = 0;i <8;i++)
  10   1        {
  11   2          temp |= state[i] << i;
  12   2        }
  13   1        
  14   1        if(temp!= old)
  15   1        {
  16   2          P0 = ~temp;
  17   2          hc138_select(4);
  18   2          hc138_select(0);
  19   2          old = temp;
  20   2        }
  21   1      }
  22          
  23          void relay_proc(bit state)
  24          {
  25   1       static uint8_t old= 0x00;
  26   1        uint8_t temp = 0;
  27   1        if(state)
  28   1        {
  29   2          temp |= 0x10;
  30   2        }
  31   1        else
  32   1        {
  33   2          temp &= ~0x10; 
  34   2        } 
  35   1        if(temp!= old)
  36   1        {
  37   2          P0 = temp;
  38   2          hc138_select(5);
  39   2          hc138_select(0);
  40   2          old = temp;
  41   2        }
  42   1      }


MODULE INFORMATION:   STATIC OVERLAYABLE
   CODE SIZE        =    102    ----
   CONSTANT SIZE    =   ----    ----
   XDATA SIZE       =   ----    ----
   PDATA SIZE       =   ----    ----
   DATA SIZE        =      2       5
   IDATA SIZE       =   ----    ----
   BIT SIZE         =   ----       1
END OF MODULE INFORMATION.


C51 COMPILATION COMPLETE.  0 WARNING(S),  0 ERROR(S)
