C51 COMPILER V9.60.7.0   SEG                                                               03/10/2026 20:43:25 PAGE 1   


C51 COMPILER V9.60.7.0, COMPILATION OF MODULE SEG
OBJECT MODULE PLACED IN .\Objects\seg.obj
COMPILER INVOKED BY: C:\Keil_v5\C51\BIN\C51.EXE hardware\seg.c OPTIMIZE(8,SPEED) BROWSE INCDIR(.\hardware) DEBUG OBJECTE
                    -XTEND PRINT(.\Listings\seg.lst) TABS(2) OBJECT(.\Objects\seg.obj)

line level    source

   1          #include "seg.h"
   2          #include "hc138.h"
   3          
   4          uint8_t arr[] = {0xc0, 0xf9,  0xa4,  0xb0,  
   5          0x99,  0x92,  0x82,  0xf8,  
   6          0x80,  0x90,  0xff,  0x8e,// 8 9 null f
   7          0x88,0x8c,0x89//a p h
   8          };
   9          
  10          void seg_proc(uint8_t n,uint8_t num,uint8_t point)
  11          {
  12   1       P0 = 0xff;
  13   1       hc138_select(7);
  14   1       hc138_select(0);
  15   1      
  16   1       P0 = 0x01 << n;
  17   1       hc138_select(6);
  18   1       hc138_select(0);
  19   1      
  20   1       P0 = arr[num];
  21   1       if(point)P0 &= 0x7f;
  22   1       hc138_select(7);
  23   1       hc138_select(0); 
  24   1      }


MODULE INFORMATION:   STATIC OVERLAYABLE
   CODE SIZE        =     69    ----
   CONSTANT SIZE    =   ----    ----
   XDATA SIZE       =   ----    ----
   PDATA SIZE       =   ----    ----
   DATA SIZE        =     15       3
   IDATA SIZE       =   ----    ----
   BIT SIZE         =   ----    ----
END OF MODULE INFORMATION.


C51 COMPILATION COMPLETE.  0 WARNING(S),  0 ERROR(S)
