C51 COMPILER V9.54   KEY                                                                   03/06/2026 18:18:45 PAGE 1   


C51 COMPILER V9.54, COMPILATION OF MODULE KEY
OBJECT MODULE PLACED IN .\Objects\key.obj
COMPILER INVOKED BY: C:\Keil_v5\C51\BIN\C51.EXE hardware\key.c OPTIMIZE(8,SPEED) BROWSE INCDIR(.\hardware) DEBUG OBJECTE
                    -XTEND PRINT(.\Listings\key.lst) TABS(2) OBJECT(.\Objects\key.obj)

line level    source

   1          #include "key.h"
   2          
   3          uint8_t key_getstate(void)
   4          {
   5   1       uint8_t state = 0;
   6   1        
   7   1       P35 = P34 = P32 = P33 = 1;
   8   1        
   9   1       P35 = 0;
  10   1       if(P33 == 0)state |= 0x01;
  11   1       if(P32 == 0)state |= 0x01<<1;
  12   1       P35 = 1;
  13   1        
  14   1       P34 = 0;
  15   1       if(P33 == 0)state |= 0x01<<2;
  16   1       if(P32 == 0)state |= 0x01<<3;
  17   1       P34 = 1;
  18   1      
  19   1       return state;  
  20   1      }


MODULE INFORMATION:   STATIC OVERLAYABLE
   CODE SIZE        =     41    ----
   CONSTANT SIZE    =   ----    ----
   XDATA SIZE       =   ----    ----
   PDATA SIZE       =   ----    ----
   DATA SIZE        =   ----    ----
   IDATA SIZE       =   ----    ----
   BIT SIZE         =   ----    ----
END OF MODULE INFORMATION.


C51 COMPILATION COMPLETE.  0 WARNING(S),  0 ERROR(S)
