C51 COMPILER V9.54   LED                                                                   03/07/2026 14:11:53 PAGE 1   


C51 COMPILER V9.54, COMPILATION OF MODULE LED
OBJECT MODULE PLACED IN .\Objects\led.obj
COMPILER INVOKED BY: C:\Keil_v5\C51\BIN\C51.EXE hardware\led.c OPTIMIZE(8,SPEED) BROWSE INCDIR(.\hardware) DEBUG OBJECTE
                    -XTEND PRINT(.\Listings\led.lst) TABS(2) OBJECT(.\Objects\led.obj)

line level    source

   1          #include "led.h"
   2          #include "74hc138.h"
   3          
   4          void sys_init(void)
   5          {
   6   1        P0 = 0xff;
   7   1        hc138_select(4);
   8   1        hc138_select(0);
   9   1        
  10   1        P0 = 0xaf;
  11   1        hc138_select(5);
  12   1        hc138_select(0);
  13   1        
  14   1        P0 = 0xff;
  15   1        hc138_select(6);
  16   1        hc138_select(0);
  17   1        P0 = 0xff;
  18   1        
  19   1        hc138_select(7);
  20   1        hc138_select(0);
  21   1      }
  22          void led_proc(uint8_t state[])
  23          {
  24   1       static uint8_t state_old = 0x00;
  25   1       uint8_t i,temp = 0;
  26   1        
  27   1       for(i=0;i<8;i++)
  28   1       {
  29   2         temp = temp | (state[i] << i);
  30   2       }
  31   1       
  32   1       if(temp != state_old)
  33   1       {
  34   2         P0 = ~temp;
  35   2         hc138_select(4);
  36   2         hc138_select(0);
  37   2         state_old = temp;
  38   2       }
  39   1       
  40   1      }
  41          
  42          void relay_proc(bit flag)
  43          {
  44   1        static uint8_t state = 0;
  45   1        uint8_t temp = 0;
  46   1        if(flag)
  47   1        {
  48   2          temp |= ~0xef;
  49   2        }
  50   1        else
  51   1        {
  52   2          temp &= 0xef;
  53   2        }
  54   1        if(temp != state)
C51 COMPILER V9.54   LED                                                                   03/07/2026 14:11:53 PAGE 2   

  55   1        {
  56   2          P0 = temp;
  57   2          hc138_select(5);
  58   2          hc138_select(0);
  59   2          state = temp;
  60   2        }
  61   1      }


MODULE INFORMATION:   STATIC OVERLAYABLE
   CODE SIZE        =    154    ----
   CONSTANT SIZE    =   ----    ----
   XDATA SIZE       =   ----    ----
   PDATA SIZE       =   ----    ----
   DATA SIZE        =      2       5
   IDATA SIZE       =   ----    ----
   BIT SIZE         =   ----       1
END OF MODULE INFORMATION.


C51 COMPILATION COMPLETE.  0 WARNING(S),  0 ERROR(S)
