C51 COMPILER V9.54   MAIN                                                                  03/07/2026 14:31:31 PAGE 1   


C51 COMPILER V9.54, COMPILATION OF MODULE MAIN
OBJECT MODULE PLACED IN .\Objects\main.obj
COMPILER INVOKED BY: C:\Keil_v5\C51\BIN\C51.EXE main.c OPTIMIZE(8,SPEED) BROWSE INCDIR(.\hardware) DEBUG OBJECTEXTEND PR
                    -INT(.\Listings\main.lst) TABS(2) OBJECT(.\Objects\main.obj)

line level    source

   1          #include <STC15F2K60S2.H>
   2          #include "led.h"
   3          #include "key.h"
   4          #include "seg.h"
   5          #include "onewire.h"
   6          #include "ds1302.h"
   7          
   8          idata uint8_t seg_index = 0;
   9          pdata uint8_t seg_show[] = {10,10,10,10,10,10,10,10};
  10          pdata uint8_t seg_point[] = {0,0,0,0,0,0,0,0};
  11          idata uint8_t show_mode = 0;
  12          
  13          pdata uint8_t led_state[] = {0,0,0,0,0,0,0,0};
  14          idata bit relay_state = 0;
  15          idata bit relay_on_flag = 0;
  16          idata uint16_t relay_5s_count = 0;
  17          idata bit led1_on = 0;
  18          idata bit led3_flash = 0;
  19          idata uint16_t led_5s_count = 0;
  20          idata uint8_t led_100ms_count = 0;
  21          
  22          idata uint8_t key_state = 0;
  23          idata bit key17_press = 0;
  24          
  25          idata uint16_t temp = 0;
  26          idata uint8_t temp_limit = 23;
  27          idata uint8_t time[] = {12,59,50};
  28          idata bit control_mode = 0;
  29          
  30          idata uint8_t seg_slow = 0;
  31          idata uint8_t key_slow = 0;
  32          idata uint8_t time_slow = 0;
  33          idata uint8_t temp_slow = 0;
  34          
  35          void Timer0_Init(void)    //1şÁĂë@12.000MHz
  36          {
  37   1        AUXR |= 0x80;     //¶¨Ę±Ć÷Ę±ÖÓ1TÄŁĘ˝
  38   1        TMOD &= 0xF0;     //ÉčÖĂ¶¨Ę±Ć÷ÄŁĘ˝
  39   1        TL0 = 0x20;       //ÉčÖĂ¶¨Ę±łőĘĽÖµ
  40   1        TH0 = 0xD1;       //ÉčÖĂ¶¨Ę±łőĘĽÖµ
  41   1        TF0 = 0;        //ÇĺłýTF0±ęÖľ
  42   1        TR0 = 1;        //¶¨Ę±Ć÷0żŞĘĽĽĆĘ±
  43   1        ET0 = 1;        //ĘąÄÜ¶¨Ę±Ć÷0ÖĐ¶Ď
  44   1        EA = 1;
  45   1      }
  46          
  47          void time_task(void)
  48          {
  49   1        if(time_slow)return;
  50   1        time_slow = 1;
  51   1        readtime(time);
  52   1      }
  53          
  54          void temp_task(void)
C51 COMPILER V9.54   MAIN                                                                  03/07/2026 14:31:31 PAGE 2   

  55          {
  56   1        uint16_t tmp = 0;
  57   1        if(temp_slow)return;
  58   1        temp_slow = 1;
  59   1        tmp = readtemp() * 10;
  60   1        if(tmp<=800)//ĎŢÖĆĚř±ä
  61   1        {
  62   2          temp = tmp;
  63   2        }
  64   1      }
  65          
  66          //void temp_task(void)
  67          //{
  68          //  if(temp_slow)return;
  69          //  temp_slow = 1;
  70          //  temp = readtemp() * 10;
  71          //}
  72          
  73          void led_task(void)
  74          {
  75   1        if(time[1] == 0 && time[2] == 0)
  76   1        {
  77   2          led1_on = 1;
  78   2          led_state[0] = 1;
  79   2        }
  80   1        
  81   1        if(control_mode)
  82   1        {
  83   2          led_state[1] = 0;
  84   2          if(time[1] == 0 && time[2] == 0)
  85   2          {
  86   3      
  87   3            relay_on_flag = 1;
  88   3          }
  89   2          if(relay_on_flag == 1)
  90   2          {
  91   3            relay_state = 1;
  92   3          }
  93   2          else
  94   2          {
  95   3            relay_state = 0;
  96   3          }
  97   2        }
  98   1        else
  99   1        {
 100   2          led_state[1] = 1;
 101   2          if(temp >= temp_limit * 10)
 102   2          {
 103   3            relay_state = 1;
 104   3          }
 105   2          else
 106   2          {
 107   3            relay_state = 0;
 108   3          }
 109   2        }
 110   1        
 111   1        if(relay_state)
 112   1        {
 113   2          led_state[2] = led3_flash;
 114   2        }
 115   1        else
 116   1        {
C51 COMPILER V9.54   MAIN                                                                  03/07/2026 14:31:31 PAGE 3   

 117   2          led_state[2] = 0;
 118   2        }
 119   1        relay_proc(relay_state);
 120   1      }
 121          
 122          void seg_task(void)
 123          {
 124   1        if(seg_slow)return;
 125   1        seg_slow = 1;
 126   1        switch(show_mode)
 127   1        {
 128   2          case 0:
 129   2            seg_show[0] = 11;
 130   2            seg_show[1] = 1;
 131   2            seg_show[2] = 10;
 132   2            seg_show[3] = 10;
 133   2            seg_show[4] = 10;
 134   2            seg_show[5] = temp / 100;
 135   2            seg_show[6] = (temp / 10) % 10;
 136   2            seg_point[6] = 1;
 137   2            seg_show[7] = temp % 10;    
 138   2            break;
 139   2          case 1:
 140   2            seg_show[0] = 11;
 141   2            seg_show[1] = 2;
 142   2            seg_show[2] = 10;
 143   2            if(key17_press)
 144   2            {
 145   3              seg_show[3] = time[1] / 10;
 146   3              seg_show[4] = time[1] % 10;
 147   3              seg_show[5] = 12;
 148   3              seg_show[6] = time[2] / 10;
 149   3              seg_point[6] = 0;
 150   3              seg_show[7] = time[2] % 10; 
 151   3            }
 152   2            else
 153   2            {
 154   3              seg_show[3] = time[0] / 10;
 155   3              seg_show[4] = time[0] % 10;
 156   3              seg_show[5] = 12;
 157   3              seg_show[6] = time[1] / 10;
 158   3              seg_point[6] = 0;
 159   3              seg_show[7] = time[1] % 10; 
 160   3            }
 161   2            
 162   2            break;
 163   2          case 2:
 164   2            seg_show[0] = 11;
 165   2            seg_show[1] = 3;
 166   2            seg_show[2] = 10;
 167   2            seg_show[3] = 10;
 168   2            seg_show[4] = 10;
 169   2            seg_show[5] = 10;
 170   2            seg_show[6] = temp_limit / 10;
 171   2            seg_show[7] = temp_limit % 10;      
 172   2            break;
 173   2        }
 174   1      }
 175          void key_task(void)
 176          {
 177   1        uint8_t key_num = 0;
 178   1        if(key_slow)return;
C51 COMPILER V9.54   MAIN                                                                  03/07/2026 14:31:31 PAGE 4   

 179   1        key_slow = 1;
 180   1        key_state = key_state << 4;
 181   1        key_state |= key_getstate();
 182   1        
 183   1        if((key_state & 0x11) == 0x10)key_num = 12;
 184   1        if((key_state & 0x22) == 0x20)key_num = 13;
 185   1        if((key_state & 0x44) == 0x40)key_num = 16;
 186   1        if((key_state & 0x88) == 0x80)
 187   1        {
 188   2          key_num = 17;
 189   2          key17_press = 0;
 190   2        }
 191   1        
 192   1        if((key_state & 0x88) == 0x08)
 193   1        {
 194   2          key17_press = 1;
 195   2        }
 196   1        switch(key_num)
 197   1        {
 198   2          case 12:
 199   2            show_mode++;
 200   2            show_mode %= 3;
 201   2            break;
 202   2          case 13:
 203   2            control_mode = !control_mode;
 204   2            break;
 205   2          case 16:
 206   2            if(show_mode == 2)
 207   2            {
 208   3              temp_limit++;
 209   3              if(temp_limit>=90)temp_limit = 99;
 210   3            }
 211   2            break;
 212   2          case 17:
 213   2            if(show_mode == 2)
 214   2            {
 215   3              temp_limit--;
 216   3              if(temp_limit<=10)temp_limit = 10;
 217   3            }
 218   2            break;
 219   2        }
 220   1      
 221   1        
 222   1        
 223   1      }
 224          
 225          void Timer0_Isr(void) interrupt 1
 226          {
 227   1        seg_index++;
 228   1        seg_slow++;
 229   1        key_slow++;
 230   1        time_slow++;
 231   1        temp_slow++;
 232   1        
 233   1        if(seg_index>=8)seg_index = 0;
 234   1        if(seg_slow>=90)seg_slow = 0;
 235   1        if(key_slow>=10)key_slow = 0;
 236   1        if(time_slow>=160)time_slow = 0;
 237   1        if(temp_slow>=160)temp_slow = 0;
 238   1        
 239   1        if(led1_on)
 240   1        {
C51 COMPILER V9.54   MAIN                                                                  03/07/2026 14:31:31 PAGE 5   

 241   2          led_5s_count++;
 242   2          if(led_5s_count >= 5000)
 243   2          {
 244   3            led_state[0] = 0;
 245   3            if(control_mode)
 246   3            {
 247   4              relay_state = 0;
 248   4            }
 249   3            led1_on = 0;
 250   3            led_5s_count = 0;
 251   3          }
 252   2        }
 253   1        
 254   1        if(relay_on_flag)
 255   1        {
 256   2          relay_5s_count++;
 257   2          if(relay_5s_count >= 5000)
 258   2          {
 259   3            relay_on_flag = 0;
 260   3            relay_5s_count = 0;
 261   3          }
 262   2        }
 263   1        else
 264   1        {
 265   2          relay_5s_count = 0;
 266   2        }
 267   1        
 268   1        if(relay_state)
 269   1        {
 270   2          led_100ms_count++;
 271   2          if(led_100ms_count >= 100)
 272   2          {
 273   3            led3_flash = !led3_flash;
 274   3            led_100ms_count = 0;
 275   3          }
 276   2        }
 277   1        else
 278   1        {
 279   2          led_100ms_count = 0;
 280   2        }
 281   1        
 282   1        seg_proc(seg_index,seg_show[seg_index],seg_point[seg_index]);
 283   1        led_proc(led_state);
 284   1        
 285   1      }
 286          void main(void)
 287          {
 288   1        sys_init();
 289   1        Timer0_Init();
 290   1        writetime(time);
 291   1        readtemp();
 292   1        while(1)
 293   1        {
 294   2          seg_task();
 295   2          key_task();
 296   2          temp_task();
 297   2          time_task();
 298   2          led_task();
 299   2        }
 300   1        
 301   1      }

C51 COMPILER V9.54   MAIN                                                                  03/07/2026 14:31:31 PAGE 6   


MODULE INFORMATION:   STATIC OVERLAYABLE
   CODE SIZE        =    855    ----
   CONSTANT SIZE    =   ----    ----
   XDATA SIZE       =   ----    ----
   PDATA SIZE       =     24    ----
   DATA SIZE        =   ----       1
   IDATA SIZE       =     18    ----
   BIT SIZE         =      6    ----
END OF MODULE INFORMATION.


C51 COMPILATION COMPLETE.  0 WARNING(S),  0 ERROR(S)
