C51 COMPILER V9.60.7.0   IIC                                                               05/07/2026 21:08:10 PAGE 1   


C51 COMPILER V9.60.7.0, COMPILATION OF MODULE IIC
OBJECT MODULE PLACED IN .\Objects\iic.obj
COMPILER INVOKED BY: C:\Keil_v5\C51\BIN\C51.EXE hardware\iic.c OPTIMIZE(8,SPEED) BROWSE INCDIR(.\hardware) DEBUG OBJECTE
                    -XTEND PRINT(.\Listings\iic.lst) TABS(2) OBJECT(.\Objects\iic.obj)

line level    source

   1          /*  #   I2Cä»£ē ēę®µčÆ“ę
   2            1.  ę¬ęä»¶å¤¹äø­ęä¾ēé©±åØä»£ē ä¾åčµéęå®ęēØåŗč®¾č®”åčć
   3            2.  åčµéęåÆä»„čŖč”ē¼åēøå³ä»£ē ęä»„čÆ„ä»£ē äøŗåŗē”ļ¼ę ¹ę®ęéåēęŗē±»åćčæ
             -č”éåŗ¦åčÆé¢
   4              äø­åÆ¹åēęŗę¶éé¢ēēč¦ę±ļ¼čæč”ä»£ē č°čÆåäæ®ę¹ć
   5          */
   6          #include "iic.h"
   7          #define DELAY_TIME  5
   8          
   9          sbit scl = P2^0;
  10          sbit sda = P2^1;
  11          //
  12          static void I2C_Delay(unsigned char n)
  13          {
  14   1          do
  15   1          {
  16   2              _nop_();_nop_();_nop_();_nop_();_nop_();
  17   2              _nop_();_nop_();_nop_();_nop_();_nop_();
  18   2              _nop_();_nop_();_nop_();_nop_();_nop_();    
  19   2          }
  20   1          while(n--);       
  21   1      }
  22          
  23          //
  24          void I2CStart(void)
  25          {
  26   1          sda = 1;
  27   1          scl = 1;
  28   1        I2C_Delay(DELAY_TIME);
  29   1          sda = 0;
  30   1        I2C_Delay(DELAY_TIME);
  31   1          scl = 0;    
  32   1      }
  33          
  34          //
  35          void I2CStop(void)
  36          {
  37   1          sda = 0;
  38   1          scl = 1;
  39   1        I2C_Delay(DELAY_TIME);
  40   1          sda = 1;
  41   1        I2C_Delay(DELAY_TIME);
  42   1      }
  43          
  44          //
  45          void I2CSendByte(unsigned char byt)
  46          {
  47   1          unsigned char i;
  48   1        
  49   1          for(i=0; i<8; i++){
  50   2              scl = 0;
  51   2          I2C_Delay(DELAY_TIME);
  52   2              if(byt & 0x80){
  53   3                  sda = 1;
C51 COMPILER V9.60.7.0   IIC                                                               05/07/2026 21:08:10 PAGE 2   

  54   3              }
  55   2              else{
  56   3                  sda = 0;
  57   3              }
  58   2          I2C_Delay(DELAY_TIME);
  59   2              scl = 1;
  60   2              byt <<= 1;
  61   2          I2C_Delay(DELAY_TIME);
  62   2          }
  63   1        
  64   1          scl = 0;  
  65   1      }
  66          
  67          //
  68          unsigned char I2CReceiveByte(void)
  69          {
  70   1        unsigned char da;
  71   1        unsigned char i;
  72   1        for(i=0;i<8;i++){   
  73   2          scl = 1;
  74   2          I2C_Delay(DELAY_TIME);
  75   2          da <<= 1;
  76   2          if(sda) 
  77   2            da |= 0x01;
  78   2          scl = 0;
  79   2          I2C_Delay(DELAY_TIME);
  80   2        }
  81   1        return da;    
  82   1      }
  83          
  84          //
  85          unsigned char I2CWaitAck(void)
  86          {
  87   1        unsigned char ackbit;
  88   1        
  89   1          scl = 1;
  90   1        I2C_Delay(DELAY_TIME);
  91   1          ackbit = sda; 
  92   1          scl = 0;
  93   1        I2C_Delay(DELAY_TIME);
  94   1        
  95   1        return ackbit;
  96   1      }
  97          
  98          //
  99          void I2CSendAck(unsigned char ackbit)
 100          {
 101   1          scl = 0;
 102   1          sda = ackbit; 
 103   1        I2C_Delay(DELAY_TIME);
 104   1          scl = 1;
 105   1        I2C_Delay(DELAY_TIME);
 106   1          scl = 0; 
 107   1        sda = 1;
 108   1        I2C_Delay(DELAY_TIME);
 109   1      }
 110          
 111          uint8_t adc_read(void)
 112          {
 113   1       uint8_t ret = 0; 
 114   1       I2CStart();
 115   1       I2CSendByte(0x90);
C51 COMPILER V9.60.7.0   IIC                                                               05/07/2026 21:08:10 PAGE 3   

 116   1       I2CWaitAck();
 117   1       I2CSendByte(0x43);
 118   1       I2CWaitAck();
 119   1      
 120   1       I2CStart();
 121   1       I2CSendByte(0x91);
 122   1       I2CWaitAck();
 123   1       I2CReceiveByte();
 124   1       I2CSendAck(0);
 125   1       ret = I2CReceiveByte();
 126   1       I2CSendAck(1); 
 127   1       I2CStop();
 128   1        
 129   1       return ret;
 130   1      }
 131          
 132          void dac_out(uint8_t byte)
 133          {
 134   1       I2CStart();
 135   1       I2CSendByte(0x90);
 136   1       I2CWaitAck();
 137   1       I2CSendByte(0x43);
 138   1       I2CWaitAck();
 139   1       I2CSendByte(byte);
 140   1       I2CWaitAck();
 141   1       I2CStop();
 142   1      }
 143          
 144          uint8_t read_byte(uint8_t addr)
 145          {
 146   1        uint8_t ret = 0;
 147   1        
 148   1        I2CStart();
 149   1        I2CSendByte(0xA0);
 150   1        I2CWaitAck();
 151   1        I2CSendByte(addr);
 152   1        I2CWaitAck();
 153   1        
 154   1        I2CStart();
 155   1        I2CSendByte(0xA1);
 156   1        I2CWaitAck();
 157   1        ret = I2CReceiveByte();
 158   1        I2CSendAck(1);
 159   1        I2CStop();
 160   1        
 161   1        return ret;
 162   1      }
 163          
 164          void Delay10ms(void)  //@12.000MHz
 165          {
 166   1        unsigned char data i, j;
 167   1      
 168   1        i = 117;
 169   1        j = 184;
 170   1        do
 171   1        {
 172   2          while (--j);
 173   2        } while (--i);
 174   1      }
 175          
 176          
 177          void write_byte(uint8_t addr,uint8_t byte)
C51 COMPILER V9.60.7.0   IIC                                                               05/07/2026 21:08:10 PAGE 4   

 178          {
 179   1        I2CStart();
 180   1        I2CSendByte(0xA0);
 181   1        I2CWaitAck();
 182   1        I2CSendByte(addr);
 183   1        I2CWaitAck();
 184   1        I2CSendByte(byte);
 185   1        I2CWaitAck();
 186   1        I2CStop();
 187   1        Delay10ms();
 188   1      }


MODULE INFORMATION:   STATIC OVERLAYABLE
   CODE SIZE        =    320    ----
   CONSTANT SIZE    =   ----    ----
   XDATA SIZE       =   ----    ----
   PDATA SIZE       =   ----    ----
   DATA SIZE        =   ----    ----
   IDATA SIZE       =   ----    ----
   BIT SIZE         =   ----    ----
END OF MODULE INFORMATION.


C51 COMPILATION COMPLETE.  0 WARNING(S),  0 ERROR(S)
