C51 COMPILER V9.60.7.0   SEG                                                               05/05/2026 17:36:39 PAGE 1   


C51 COMPILER V9.60.7.0, COMPILATION OF MODULE SEG
OBJECT MODULE PLACED IN .\Objects\seg.obj
COMPILER INVOKED BY: C:\Keil_v5\C51\BIN\C51.EXE hardware\seg.c OPTIMIZE(8,SPEED) BROWSE INCDIR(.\hardware) DEBUG OBJECTE
                    -XTEND PRINT(.\Listings\seg.lst) TABS(2) OBJECT(.\Objects\seg.obj)

line level    source

   1          #include "seg.h"
   2          
   3          pdata uint8_t arr[] = {0xc0,  0xf9,  0xa4,  0xb0,// 0 1 2 3  
   4                                 0x99,  0x92,  0x82,  0xf8,// 4 5 6 7  
   5                                 0x80,  0x90,  0xff,  0x88,//8 9 NUll A
   6                                 0x8e,  0x89,  0x8c //F H P 
   7                                                          }; 
   8          
   9          void seg_proc(uint8_t n,uint8_t num,uint8_t point)
  10          {
  11   1        P0 =0xff;
  12   1        P2 = (P2 & 0x1f) | 0xe0;
  13   1        P2 = P2 & 0x1f;
  14   1        
  15   1        P0 = 0x01 << n;
  16   1        P2 = (P2 & 0x1f) | 0xc0;
  17   1        P2 = P2 & 0x1f;
  18   1        
  19   1        P0 = arr[num];
  20   1        if(point)P0 = P0 & 0x7f;
  21   1        P2 = (P2 & 0x1f) | 0xe0;
  22   1        P2 = P2 & 0x1f; 
  23   1      }


MODULE INFORMATION:   STATIC OVERLAYABLE
   CODE SIZE        =     63    ----
   CONSTANT SIZE    =   ----    ----
   XDATA SIZE       =   ----    ----
   PDATA SIZE       =     15    ----
   DATA SIZE        =   ----    ----
   IDATA SIZE       =   ----    ----
   BIT SIZE         =   ----    ----
END OF MODULE INFORMATION.


C51 COMPILATION COMPLETE.  0 WARNING(S),  0 ERROR(S)
